C51 COMPILER V9.60.0.0   CODE                                                              05/30/2023 19:12:05 PAGE 1   


C51 COMPILER V9.60.0.0, COMPILATION OF MODULE CODE
OBJECT MODULE PLACED IN .\Objects\code.obj
COMPILER INVOKED BY: C:\Keil C\C51\BIN\C51.EXE code.c OPTIMIZE(8,SPEED) BROWSE DEBUG OBJECTEXTEND PRINT(.\Listings\code.
                    -lst) TABS(3) OBJECT(.\Objects\code.obj)

line level    source

   1          #include <REGX51.H>
   2          
   3          void ngat(void) interrupt 0{
   4   1         P1_0=0;
   5   1      }
   6          
   7          void main(){
   8   1         EA=1; // cho phep ngat toan cuc
   9   1         EX0=1; // cho phep ngat timer 0
  10   1         IT0=1; // Cài đặt ngắt ngoài 0 theo cạnh lên. 
  11   1         while(1){
  12   2         }
  13   1      }


MODULE INFORMATION:   STATIC OVERLAYABLE
   CODE SIZE        =     11    ----
   CONSTANT SIZE    =   ----    ----
   XDATA SIZE       =   ----    ----
   PDATA SIZE       =   ----    ----
   DATA SIZE        =   ----    ----
   IDATA SIZE       =   ----    ----
   BIT SIZE         =   ----    ----
END OF MODULE INFORMATION.


C51 COMPILATION COMPLETE.  0 WARNING(S),  0 ERROR(S)
