C51 COMPILER V9.60.0.0   CODE                                                              05/30/2023 18:20:44 PAGE 1   


C51 COMPILER V9.60.0.0, COMPILATION OF MODULE CODE
OBJECT MODULE PLACED IN .\Objects\code.obj
COMPILER INVOKED BY: C:\Keil C\C51\BIN\C51.EXE code.c OPTIMIZE(8,SPEED) BROWSE DEBUG OBJECTEXTEND PRINT(.\Listings\code.
                    -lst) TABS(3) OBJECT(.\Objects\code.obj)

line level    source

   1          #include <REGX51.H>
   2          
   3          void delay() { // delay 1ms sử dụng timer 0 ,chế độ 2
   4   1         unsigned int i;
   5   1         for (i = 0; i < 5000; i++) {
   6   2            TMOD = 0x02; // Timer 0 chế độ 2
   7   2            TH0 = 0x38; // Thiết lập giá trị thanh ghi đếm cao của Timer 0
   8   2            TR0 = 1; // Khởi động Timer 0
   9   2            while (!TF0); // Chờ cho đến khi cờ tràn đếm (TF0) được set
  10   2            TF0 = 0; // Reset cờ tràn đếm của Timer 0
  11   2            TR0 = 0; // Tắt Timer 0
  12   2         }
  13   1      }
  14          
  15          void main(){
  16   1         while(1){
  17   2            P1_0=1;
  18   2            delay();
  19   2            P1_0=0;
  20   2            delay();
  21   2         }
  22   1      }
  23                


MODULE INFORMATION:   STATIC OVERLAYABLE
   CODE SIZE        =     42    ----
   CONSTANT SIZE    =   ----    ----
   XDATA SIZE       =   ----    ----
   PDATA SIZE       =   ----    ----
   DATA SIZE        =   ----    ----
   IDATA SIZE       =   ----    ----
   BIT SIZE         =   ----    ----
END OF MODULE INFORMATION.


C51 COMPILATION COMPLETE.  0 WARNING(S),  0 ERROR(S)
