C51 COMPILER V9.60.0.0   CODE                                                              05/31/2023 14:38:45 PAGE 1   


C51 COMPILER V9.60.0.0, COMPILATION OF MODULE CODE
OBJECT MODULE PLACED IN .\Objects\code.obj
COMPILER INVOKED BY: C:\Keil C\C51\BIN\C51.EXE code.c OPTIMIZE(8,SPEED) BROWSE DEBUG OBJECTEXTEND PRINT(.\Listings\code.
                    -lst) TABS(3) OBJECT(.\Objects\code.obj)

line level    source

   1          #include <REGX51.H>
   2          // Crystal 11.0592MHz
   3          //Virtual Terminal - BaudRate(9600) - Databits(8bit) - Stopbit(1) 
   4          
   5          // C·∫•u h√¨nh truy·ªÅn th√¥ng n·ªëi ti·∫øp
   6          void UART_Init() {
   7   1          TMOD |= 0x20;       // C·∫•u h√¨nh Timer 1 ch·∫ø ƒë·ªô 8-bit t·ª± ƒë·ªông n·∫°p l·∫°i
   8   1          SCON = 0x50;        // C·∫•u h√¨nh UART: 8-bit truy·ªÅn, kh√¥ng ki·ªÉm tra l·ªói, truy·ªÅn m·ªôt chi·ª
             -Åu
   9   1          TH1 = 0xFD;  // Thi·∫øt l·∫≠p t·ªëc ƒë·ªô baud rate cho 9600
  10   1          TR1 = 1;            // B·∫≠t Timer 1
  11   1      }
  12          
  13          // Nh·∫≠n k√Ω t·ª±
  14          char UART_Receive() {
  15   1          while (!RI);        // ƒê·ª£i cho ƒë·∫øn khi nh·∫≠n k√Ω t·ª±
  16   1          RI = 0;             // Reset c·ªù nh·∫≠n
  17   1          return SBUF;        // Tr·∫£ v·ªÅ k√Ω t·ª± nh·∫≠n ƒë∆∞·ª£c
  18   1      }
  19          
  20          //B·ªï sung th√™m h√†m Truy·ªÅn k√Ω t·ª± 
  21          //void UART_Transmit(unsigned char c){
  22          // SBUF=c;
  23          // while(!TI);
  24          // TI=0;
  25          //}
  26          
  27          void main() {
  28   1          UART_Init();    // C·∫•u h√¨nh truy·ªÅn th√¥ng v·ªõi baudrate 9600 bps
  29   1          while (1) {
  30   2             // Nh·∫≠n k√Ω t·ª± t·ª´ truy·ªÅn th√¥ng n·ªëi ti·∫øp
  31   2             // v√≠ d·ª• hi·ªÉn th·ªã m√£ ascii c·ªßa k√Ω t·ª± l√™n P2
  32   2             P2=UART_Receive();
  33   2          }
  34   1      }


MODULE INFORMATION:   STATIC OVERLAYABLE
   CODE SIZE        =     30    ----
   CONSTANT SIZE    =   ----    ----
   XDATA SIZE       =   ----    ----
   PDATA SIZE       =   ----    ----
   DATA SIZE        =   ----    ----
   IDATA SIZE       =   ----    ----
   BIT SIZE         =   ----    ----
END OF MODULE INFORMATION.


C51 COMPILATION COMPLETE.  0 WARNING(S),  0 ERROR(S)
