C51 COMPILER V9.60.0.0   CODE                                                              06/02/2023 10:42:38 PAGE 1   


C51 COMPILER V9.60.0.0, COMPILATION OF MODULE CODE
OBJECT MODULE PLACED IN .\Objects\code.obj
COMPILER INVOKED BY: C:\Keil C\C51\BIN\C51.EXE code.c OPTIMIZE(8,SPEED) BROWSE DEBUG OBJECTEXTEND PRINT(.\Listings\code.
                    -lst) OBJECT(.\Objects\code.obj)

line level    source

   1          #include <REGX51.H>
   2          unsigned char a[8]={0xFF, 0x80, 0x77, 0x77, 0x77, 0x77, 0x80, 0xFF};
   3          
   4          
   5          void display(){
   6   1              unsigned int i;
   7   1              for(i=0;i<=7;i++){
   8   2                      P3=0x80>>i;
   9   2                      P2=a[i];
  10   2              }
  11   1      }
  12          
  13          void main(){
  14   1              while(1){
  15   2                      display();
  16   2              }
  17   1      }


MODULE INFORMATION:   STATIC OVERLAYABLE
   CODE SIZE        =     42    ----
   CONSTANT SIZE    =   ----    ----
   XDATA SIZE       =   ----    ----
   PDATA SIZE       =   ----    ----
   DATA SIZE        =      8    ----
   IDATA SIZE       =   ----    ----
   BIT SIZE         =   ----    ----
END OF MODULE INFORMATION.


C51 COMPILATION COMPLETE.  0 WARNING(S),  0 ERROR(S)
